<?xml version="1.0" encoding="UTF-8"?>
<testng-results skipped="0" failed="0" ignored="0" total="1" passed="1">
  <reporter-output>
  </reporter-output>
  <suite name="Suite name : Smoke" duration-ms="24247" started-at="2019-03-16T07:56:37Z" finished-at="2019-03-16T07:57:01Z">
    <groups>
    </groups>
    <test name="Test Name : My TestNG practices" duration-ms="24247" started-at="2019-03-16T07:56:37Z" finished-at="2019-03-16T07:57:01Z">
      <class name="com.demo.test.Demo">
        <test-method status="PASS" signature="initilizeSuite()[pri:0, instance:com.demo.test.Demo@42d3bd8b]" name="initilizeSuite" is-config="true" duration-ms="337" started-at="2019-03-16T07:56:36Z" finished-at="2019-03-16T07:56:37Z">
          <reporter-output>
          </reporter-output>
        </test-method> <!-- initilizeSuite -->
        <test-method status="PASS" signature="beforeMethod(java.lang.String, java.lang.String, java.lang.reflect.Method)[pri:0, instance:com.demo.test.Demo@42d3bd8b]" name="beforeMethod" is-config="true" duration-ms="18580" started-at="2019-03-16T07:56:37Z" finished-at="2019-03-16T07:56:55Z">
          <params>
            <param index="0">
              <value>
                <![CDATA[QA]]>
              </value>
            </param>
            <param index="1">
              <value>
                <![CDATA[Chrome]]>
              </value>
            </param>
            <param index="2">
              <value>
                <![CDATA[public void com.demo.test.Demo.login()]]>
              </value>
            </param>
          </params>
          <reporter-output>
          </reporter-output>
        </test-method> <!-- beforeMethod -->
        <test-method status="PASS" signature="login()[pri:0, instance:com.demo.test.Demo@42d3bd8b]" name="login" duration-ms="134" started-at="2019-03-16T07:56:55Z" finished-at="2019-03-16T07:56:55Z">
          <reporter-output>
          </reporter-output>
        </test-method> <!-- login -->
        <test-method status="PASS" signature="afterMethod()[pri:0, instance:com.demo.test.Demo@42d3bd8b]" name="afterMethod" is-config="true" duration-ms="5502" started-at="2019-03-16T07:56:55Z" finished-at="2019-03-16T07:57:01Z">
          <reporter-output>
          </reporter-output>
        </test-method> <!-- afterMethod -->
        <test-method status="PASS" signature="cleanUpSuites()[pri:0, instance:com.demo.test.Demo@42d3bd8b]" name="cleanUpSuites" is-config="true" duration-ms="547" started-at="2019-03-16T07:57:02Z" finished-at="2019-03-16T07:57:02Z">
          <reporter-output>
          </reporter-output>
        </test-method> <!-- cleanUpSuites -->
      </class> <!-- com.demo.test.Demo -->
    </test> <!-- Test Name : My TestNG practices -->
  </suite> <!-- Suite name : Smoke -->
</testng-results>
