<?xml version="1.0" encoding="UTF-8"?>
<testng-results skipped="0" failed="0" ignored="0" total="1" passed="1">
  <reporter-output>
  </reporter-output>
  <suite name="Suite name : Smoke" duration-ms="40321" started-at="2019-03-16T21:14:50Z" finished-at="2019-03-16T21:15:30Z">
    <groups>
    </groups>
    <test name="Test Name : My TestNG practices" duration-ms="40321" started-at="2019-03-16T21:14:50Z" finished-at="2019-03-16T21:15:30Z">
      <class name="com.demo.test.Demo">
        <test-method status="PASS" signature="initilizeSuite()[pri:0, instance:com.demo.test.Demo@1a968a59]" name="initilizeSuite" is-config="true" duration-ms="546" started-at="2019-03-16T21:14:49Z" finished-at="2019-03-16T21:14:50Z">
          <reporter-output>
          </reporter-output>
        </test-method> <!-- initilizeSuite -->
        <test-method status="PASS" signature="beforeMethod(java.lang.String, java.lang.String, java.lang.reflect.Method)[pri:0, instance:com.demo.test.Demo@1a968a59]" name="beforeMethod" is-config="true" duration-ms="35739" started-at="2019-03-16T21:14:50Z" finished-at="2019-03-16T21:15:25Z">
          <params>
            <param index="0">
              <value>
                <![CDATA[QA]]>
              </value>
            </param>
            <param index="1">
              <value>
                <![CDATA[Chrome]]>
              </value>
            </param>
            <param index="2">
              <value>
                <![CDATA[public void com.demo.test.Demo.login()]]>
              </value>
            </param>
          </params>
          <reporter-output>
          </reporter-output>
        </test-method> <!-- beforeMethod -->
        <test-method status="PASS" signature="login()[pri:0, instance:com.demo.test.Demo@1a968a59]" name="login" duration-ms="106" started-at="2019-03-16T21:15:25Z" finished-at="2019-03-16T21:15:26Z">
          <reporter-output>
          </reporter-output>
        </test-method> <!-- login -->
        <test-method status="PASS" signature="afterMethod()[pri:0, instance:com.demo.test.Demo@1a968a59]" name="afterMethod" is-config="true" duration-ms="4427" started-at="2019-03-16T21:15:26Z" finished-at="2019-03-16T21:15:30Z">
          <reporter-output>
          </reporter-output>
        </test-method> <!-- afterMethod -->
        <test-method status="PASS" signature="cleanUpSuites()[pri:0, instance:com.demo.test.Demo@1a968a59]" name="cleanUpSuites" is-config="true" duration-ms="561" started-at="2019-03-16T21:15:30Z" finished-at="2019-03-16T21:15:31Z">
          <reporter-output>
          </reporter-output>
        </test-method> <!-- cleanUpSuites -->
      </class> <!-- com.demo.test.Demo -->
    </test> <!-- Test Name : My TestNG practices -->
  </suite> <!-- Suite name : Smoke -->
</testng-results>
