<?xml version="1.0" encoding="UTF-8"?>
<testng-results skipped="0" failed="0" ignored="0" total="1" passed="1">
  <reporter-output>
  </reporter-output>
  <suite name="Suite name : Smoke" duration-ms="39011" started-at="2019-03-16T07:54:29Z" finished-at="2019-03-16T07:55:08Z">
    <groups>
    </groups>
    <test name="Test Name : My TestNG practices" duration-ms="39011" started-at="2019-03-16T07:54:29Z" finished-at="2019-03-16T07:55:08Z">
      <class name="com.demo.test.Demo">
        <test-method status="PASS" signature="initilizeSuite()[pri:0, instance:com.demo.test.Demo@77cd7a0]" name="initilizeSuite" is-config="true" duration-ms="437" started-at="2019-03-16T07:54:29Z" finished-at="2019-03-16T07:54:29Z">
          <reporter-output>
          </reporter-output>
        </test-method> <!-- initilizeSuite -->
        <test-method status="PASS" signature="beforeMethod(java.lang.String, java.lang.String, java.lang.reflect.Method)[pri:0, instance:com.demo.test.Demo@77cd7a0]" name="beforeMethod" is-config="true" duration-ms="34149" started-at="2019-03-16T07:54:30Z" finished-at="2019-03-16T07:55:04Z">
          <params>
            <param index="0">
              <value>
                <![CDATA[QA]]>
              </value>
            </param>
            <param index="1">
              <value>
                <![CDATA[Chrome]]>
              </value>
            </param>
            <param index="2">
              <value>
                <![CDATA[public void com.demo.test.Demo.login()]]>
              </value>
            </param>
          </params>
          <reporter-output>
          </reporter-output>
        </test-method> <!-- beforeMethod -->
        <test-method status="PASS" signature="login()[pri:0, instance:com.demo.test.Demo@77cd7a0]" name="login" duration-ms="296" started-at="2019-03-16T07:55:04Z" finished-at="2019-03-16T07:55:04Z">
          <reporter-output>
          </reporter-output>
        </test-method> <!-- login -->
        <test-method status="PASS" signature="afterMethod()[pri:0, instance:com.demo.test.Demo@77cd7a0]" name="afterMethod" is-config="true" duration-ms="4512" started-at="2019-03-16T07:55:04Z" finished-at="2019-03-16T07:55:08Z">
          <reporter-output>
          </reporter-output>
        </test-method> <!-- afterMethod -->
        <test-method status="PASS" signature="cleanUpSuites()[pri:0, instance:com.demo.test.Demo@77cd7a0]" name="cleanUpSuites" is-config="true" duration-ms="656" started-at="2019-03-16T07:55:09Z" finished-at="2019-03-16T07:55:09Z">
          <reporter-output>
          </reporter-output>
        </test-method> <!-- cleanUpSuites -->
      </class> <!-- com.demo.test.Demo -->
    </test> <!-- Test Name : My TestNG practices -->
  </suite> <!-- Suite name : Smoke -->
</testng-results>
